# JRE version: OpenJDK Runtime Environment (11.0.7+10) (build 11.0.7+10-post-Ubuntu-2ubuntu218.04)
# Java VM: OpenJDK 64-Bit Server VM (11.0.7+10-post-Ubuntu-2ubuntu218.04, mixed mode, sharing, tiered, compressed oops, serial gc, linux-amd64)
Heap:
 def new generation   total 2432K, used 1044K [0x00000000f8000000, 0x00000000f82a0000, 0x00000000faaa0000)
  eden space 2176K,  42% used [0x00000000f8000000, 0x00000000f80e52f8, 0x00000000f8220000)
  from space 256K,  49% used [0x00000000f8220000, 0x00000000f823fdd8, 0x00000000f8260000)
  to   space 256K,   0% used [0x00000000f8260000, 0x00000000f8260000, 0x00000000f82a0000)
 tenured generation   total 5504K, used 3388K [0x00000000faaa0000, 0x00000000fb000000, 0x0000000100000000)
   the space 5504K,  61% used [0x00000000faaa0000, 0x00000000fadef2b0, 0x00000000fadef400, 0x00000000fb000000)
 Metaspace       used 12744K, capacity 13287K, committed 13440K, reserved 1060864K
  class space    used 1393K, capacity 1653K, committed 1664K, reserved 1048576K
GC Heap History (16 events):
Event: 0.728 GC heap before
{Heap before GC invocations=0 (full 0):
 def new generation   total 2432K, used 2176K [0x00000000f8000000, 0x00000000f82a0000, 0x00000000faaa0000)
  eden space 2176K, 100% used [0x00000000f8000000, 0x00000000f8220000, 0x00000000f8220000)
  from space 256K,   0% used [0x00000000f8220000, 0x00000000f8220000, 0x00000000f8260000)
  to   space 256K,   0% used [0x00000000f8260000, 0x00000000f8260000, 0x00000000f82a0000)
 tenured generation   total 5504K, used 0K [0x00000000faaa0000, 0x00000000fb000000, 0x0000000100000000)
   the space 5504K,   0% used [0x00000000faaa0000, 0x00000000faaa0000, 0x00000000faaa0200, 0x00000000fb000000)
 Metaspace       used 1319K, capacity 4653K, committed 4864K, reserved 1056768K
  class space    used 113K, capacity 443K, committed 512K, reserved 1048576K
}
Event: 0.733 GC heap after
{Heap after GC invocations=1 (full 0):
 def new generation   total 2432K, used 256K [0x00000000f8000000, 0x00000000f82a0000, 0x00000000faaa0000)
  eden space 2176K,   0% used [0x00000000f8000000, 0x00000000f8000000, 0x00000000f8220000)
  from space 256K, 100% used [0x00000000f8260000, 0x00000000f82a0000, 0x00000000f82a0000)
  to   space 256K,   0% used [0x00000000f8220000, 0x00000000f8220000, 0x00000000f8260000)
 tenured generation   total 5504K, used 798K [0x00000000faaa0000, 0x00000000fb000000, 0x0000000100000000)
   the space 5504K,  14% used [0x00000000faaa0000, 0x00000000fab67a30, 0x00000000fab67c00, 0x00000000fb000000)
 Metaspace       used 1319K, capacity 4653K, committed 4864K, reserved 1056768K
  class space    used 113K, capacity 443K, committed 512K, reserved 1048576K
}
Event: 7.046 GC heap before
{Heap before GC invocations=1 (full 0):
 def new generation   total 2432K, used 2432K [0x00000000f8000000, 0x00000000f82a0000, 0x00000000faaa0000)
  eden space 2176K, 100% used [0x00000000f8000000, 0x00000000f8220000, 0x00000000f8220000)
  from space 256K, 100% used [0x00000000f8260000, 0x00000000f82a0000, 0x00000000f82a0000)
  to   space 256K,   0% used [0x00000000f8220000, 0x00000000f8220000, 0x00000000f8260000)
 tenured generation   total 5504K, used 798K [0x00000000faaa0000, 0x00000000fb000000, 0x0000000100000000)
   the space 5504K,  14% used [0x00000000faaa0000, 0x00000000fab67a30, 0x00000000fab67c00, 0x00000000fb000000)
 Metaspace       used 3594K, capacity 4944K, committed 5248K, reserved 1056768K
  class space    used 349K, capacity 555K, committed 640K, reserved 1048576K
}
Event: 7.052 GC heap after
{Heap after GC invocations=2 (full 0):
 def new generation   total 2432K, used 256K [0x00000000f8000000, 0x00000000f82a0000, 0x00000000faaa0000)
  eden space 2176K,   0% used [0x00000000f8000000, 0x00000000f8000000, 0x00000000f8220000)
  from space 256K, 100% used [0x00000000f8220000, 0x00000000f8260000, 0x00000000f8260000)
  to   space 256K,   0% used [0x00000000f8260000, 0x00000000f8260000, 0x00000000f82a0000)
 tenured generation   total 5504K, used 1152K [0x00000000faaa0000, 0x00000000fb000000, 0x0000000100000000)
   the space 5504K,  20% used [0x00000000faaa0000, 0x00000000fabc0250, 0x00000000fabc0400, 0x00000000fb000000)
 Metaspace       used 3594K, capacity 4944K, committed 5248K, reserved 1056768K
  class space    used 349K, capacity 555K, committed 640K, reserved 1048576K
}
Event: 7.842 GC heap before
{Heap before GC invocations=2 (full 0):
 def new generation   total 2432K, used 2432K [0x00000000f8000000, 0x00000000f82a0000, 0x00000000faaa0000)
  eden space 2176K, 100% used [0x00000000f8000000, 0x00000000f8220000, 0x00000000f8220000)
  from space 256K, 100% used [0x00000000f8220000, 0x00000000f8260000, 0x00000000f8260000)
  to   space 256K,   0% used [0x00000000f8260000, 0x00000000f8260000, 0x00000000f82a0000)
 tenured generation   total 5504K, used 1152K [0x00000000faaa0000, 0x00000000fb000000, 0x0000000100000000)
   the space 5504K,  20% used [0x00000000faaa0000, 0x00000000fabc0250, 0x00000000fabc0400, 0x00000000fb000000)
 Metaspace       used 4645K, capacity 5246K, committed 5376K, reserved 1056768K
  class space    used 494K, capacity 679K, committed 768K, reserved 1048576K
}
Event: 7.860 GC heap after
{Heap after GC invocations=3 (full 0):
 def new generation   total 2432K, used 256K [0x00000000f8000000, 0x00000000f82a0000, 0x00000000faaa0000)
  eden space 2176K,   0% used [0x00000000f8000000, 0x00000000f8000000, 0x00000000f8220000)
  from space 256K, 100% used [0x00000000f8260000, 0x00000000f82a0000, 0x00000000f82a0000)
  to   space 256K,   0% used [0x00000000f8220000, 0x00000000f8220000, 0x00000000f8260000)
 tenured generation   total 5504K, used 1551K [0x00000000faaa0000, 0x00000000fb000000, 0x0000000100000000)
   the space 5504K,  28% used [0x00000000faaa0000, 0x00000000fac23fc8, 0x00000000fac24000, 0x00000000fb000000)
 Metaspace       used 4645K, capacity 5246K, committed 5376K, reserved 1056768K
  class space    used 494K, capacity 679K, committed 768K, reserved 1048576K
}
Event: 9.112 GC heap before
{Heap before GC invocations=3 (full 0):
 def new generation   total 2432K, used 2432K [0x00000000f8000000, 0x00000000f82a0000, 0x00000000faaa0000)
  eden space 2176K, 100% used [0x00000000f8000000, 0x00000000f8220000, 0x00000000f8220000)
  from space 256K, 100% used [0x00000000f8260000, 0x00000000f82a0000, 0x00000000f82a0000)
  to   space 256K,   0% used [0x00000000f8220000, 0x00000000f8220000, 0x00000000f8260000)
 tenured generation   total 5504K, used 1551K [0x00000000faaa0000, 0x00000000fb000000, 0x0000000100000000)
   the space 5504K,  28% used [0x00000000faaa0000, 0x00000000fac23fc8, 0x00000000fac24000, 0x00000000fb000000)
 Metaspace       used 6313K, capacity 6721K, committed 6912K, reserved 1056768K
  class space    used 712K, capacity 898K, committed 1024K, reserved 1048576K
}
Event: 9.116 GC heap after
{Heap after GC invocations=4 (full 0):
 def new generation   total 2432K, used 256K [0x00000000f8000000, 0x00000000f82a0000, 0x00000000faaa0000)
  eden space 2176K,   0% used [0x00000000f8000000, 0x00000000f8000000, 0x00000000f8220000)
  from space 256K, 100% used [0x00000000f8220000, 0x00000000f8260000, 0x00000000f8260000)
  to   space 256K,   0% used [0x00000000f8260000, 0x00000000f8260000, 0x00000000f82a0000)
 tenured generation   total 5504K, used 1848K [0x00000000faaa0000, 0x00000000fb000000, 0x0000000100000000)
   the space 5504K,  33% used [0x00000000faaa0000, 0x00000000fac6e200, 0x00000000fac6e200, 0x00000000fb000000)
 Metaspace       used 6313K, capacity 6721K, committed 6912K, reserved 1056768K
  class space    used 712K, capacity 898K, committed 1024K, reserved 1048576K
}
Event: 9.711 GC heap before
{Heap before GC invocations=4 (full 0):
 def new generation   total 2432K, used 2432K [0x00000000f8000000, 0x00000000f82a0000, 0x00000000faaa0000)
  eden space 2176K, 100% used [0x00000000f8000000, 0x00000000f8220000, 0x00000000f8220000)
  from space 256K, 100% used [0x00000000f8220000, 0x00000000f8260000, 0x00000000f8260000)
  to   space 256K,   0% used [0x00000000f8260000, 0x00000000f8260000, 0x00000000f82a0000)
 tenured generation   total 5504K, used 1848K [0x00000000faaa0000, 0x00000000fb000000, 0x0000000100000000)
   the space 5504K,  33% used [0x00000000faaa0000, 0x00000000fac6e200, 0x00000000fac6e200, 0x00000000fb000000)
 Metaspace       used 7005K, capacity 7459K, committed 7808K, reserved 1056768K
  class space    used 815K, capacity 1039K, committed 1152K, reserved 1048576K
}
Event: 9.715 GC heap after
{Heap after GC invocations=5 (full 0):
 def new generation   total 2432K, used 256K [0x00000000f8000000, 0x00000000f82a0000, 0x00000000faaa0000)
  eden space 2176K,   0% used [0x00000000f8000000, 0x00000000f8000000, 0x00000000f8220000)
  from space 256K, 100% used [0x00000000f8260000, 0x00000000f82a0000, 0x00000000f82a0000)
  to   space 256K,   0% used [0x00000000f8220000, 0x00000000f8220000, 0x00000000f8260000)
 tenured generation   total 5504K, used 2222K [0x00000000faaa0000, 0x00000000fb000000, 0x0000000100000000)
   the space 5504K,  40% used [0x00000000faaa0000, 0x00000000faccb858, 0x00000000faccba00, 0x00000000fb000000)
 Metaspace       used 7005K, capacity 7459K, committed 7808K, reserved 1056768K
  class space    used 815K, capacity 1039K, committed 1152K, reserved 1048576K
}
Event: 14.456 GC heap before
{Heap before GC invocations=5 (full 0):
 def new generation   total 2432K, used 2430K [0x00000000f8000000, 0x00000000f82a0000, 0x00000000faaa0000)
  eden space 2176K,  99% used [0x00000000f8000000, 0x00000000f821fb98, 0x00000000f8220000)
  from space 256K, 100% used [0x00000000f8260000, 0x00000000f82a0000, 0x00000000f82a0000)
  to   space 256K,   0% used [0x00000000f8220000, 0x00000000f8220000, 0x00000000f8260000)
 tenured generation   total 5504K, used 2222K [0x00000000faaa0000, 0x00000000fb000000, 0x0000000100000000)
   the space 5504K,  40% used [0x00000000faaa0000, 0x00000000faccb858, 0x00000000faccba00, 0x00000000fb000000)
 Metaspace       used 11652K, capacity 12149K, committed 12416K, reserved 1060864K
  class space    used 1384K, capacity 1641K, committed 1664K, reserved 1048576K
}
Event: 14.462 GC heap after
{Heap after GC invocations=6 (full 0):
 def new generation   total 2432K, used 255K [0x00000000f8000000, 0x00000000f82a0000, 0x00000000faaa0000)
  eden space 2176K,   0% used [0x00000000f8000000, 0x00000000f8000000, 0x00000000f8220000)
  from space 256K,  99% used [0x00000000f8220000, 0x00000000f825fff8, 0x00000000f8260000)
  to   space 256K,   0% used [0x00000000f8260000, 0x00000000f8260000, 0x00000000f82a0000)
 tenured generation   total 5504K, used 3134K [0x00000000faaa0000, 0x00000000fb000000, 0x0000000100000000)
   the space 5504K,  56% used [0x00000000faaa0000, 0x00000000fadafaf8, 0x00000000fadafc00, 0x00000000fb000000)
 Metaspace       used 11652K, capacity 12149K, committed 12416K, reserved 1060864K
  class space    used 1384K, capacity 1641K, committed 1664K, reserved 1048576K
}
Event: 29.512 GC heap before
{Heap before GC invocations=6 (full 0):
 def new generation   total 2432K, used 2431K [0x00000000f8000000, 0x00000000f82a0000, 0x00000000faaa0000)
  eden space 2176K, 100% used [0x00000000f8000000, 0x00000000f8220000, 0x00000000f8220000)
  from space 256K,  99% used [0x00000000f8220000, 0x00000000f825fff8, 0x00000000f8260000)
  to   space 256K,   0% used [0x00000000f8260000, 0x00000000f8260000, 0x00000000f82a0000)
 tenured generation   total 5504K, used 3134K [0x00000000faaa0000, 0x00000000fb000000, 0x0000000100000000)
   the space 5504K,  56% used [0x00000000faaa0000, 0x00000000fadafaf8, 0x00000000fadafc00, 0x00000000fb000000)
 Metaspace       used 12303K, capacity 12832K, committed 12928K, reserved 1060864K
  class space    used 1392K, capacity 1652K, committed 1664K, reserved 1048576K
}
Event: 29.516 GC heap after
{Heap after GC invocations=7 (full 0):
 def new generation   total 2432K, used 111K [0x00000000f8000000, 0x00000000f82a0000, 0x00000000faaa0000)
  eden space 2176K,   0% used [0x00000000f8000000, 0x00000000f8000000, 0x00000000f8220000)
  from space 256K,  43% used [0x00000000f8260000, 0x00000000f827bfe8, 0x00000000f82a0000)
  to   space 256K,   0% used [0x00000000f8220000, 0x00000000f8220000, 0x00000000f8260000)
 tenured generation   total 5504K, used 3388K [0x00000000faaa0000, 0x00000000fb000000, 0x0000000100000000)
   the space 5504K,  61% used [0x00000000faaa0000, 0x00000000fadef2b0, 0x00000000fadef400, 0x00000000fb000000)
 Metaspace       used 12303K, capacity 12832K, committed 12928K, reserved 1060864K
  class space    used 1392K, capacity 1652K, committed 1664K, reserved 1048576K
}
Event: 48.364 GC heap before
{Heap before GC invocations=7 (full 0):
 def new generation   total 2432K, used 2287K [0x00000000f8000000, 0x00000000f82a0000, 0x00000000faaa0000)
  eden space 2176K, 100% used [0x00000000f8000000, 0x00000000f8220000, 0x00000000f8220000)
  from space 256K,  43% used [0x00000000f8260000, 0x00000000f827bfe8, 0x00000000f82a0000)
  to   space 256K,   0% used [0x00000000f8220000, 0x00000000f8220000, 0x00000000f8260000)
 tenured generation   total 5504K, used 3388K [0x00000000faaa0000, 0x00000000fb000000, 0x0000000100000000)
   the space 5504K,  61% used [0x00000000faaa0000, 0x00000000fadef2b0, 0x00000000fadef400, 0x00000000fb000000)
 Metaspace       used 12623K, capacity 13159K, committed 13184K, reserved 1060864K
  class space    used 1393K, capacity 1653K, committed 1664K, reserved 1048576K
}
Event: 48.367 GC heap after
{Heap after GC invocations=8 (full 0):
 def new generation   total 2432K, used 127K [0x00000000f8000000, 0x00000000f82a0000, 0x00000000faaa0000)
  eden space 2176K,   0% used [0x00000000f8000000, 0x00000000f8000000, 0x00000000f8220000)
  from space 256K,  49% used [0x00000000f8220000, 0x00000000f823fdd8, 0x00000000f8260000)
  to   space 256K,   0% used [0x00000000f8260000, 0x00000000f8260000, 0x00000000f82a0000)
 tenured generation   total 5504K, used 3388K [0x00000000faaa0000, 0x00000000fb000000, 0x0000000100000000)
   the space 5504K,  61% used [0x00000000faaa0000, 0x00000000fadef2b0, 0x00000000fadef400, 0x00000000fb000000)
 Metaspace       used 12623K, capacity 13159K, committed 13184K, reserved 1060864K
  class space    used 1393K, capacity 1653K, committed 1664K, reserved 1048576K
}

